#
# A fatal error has been detected by the Java Runtime Environment:
#
#  EXCEPTION_STACK_OVERFLOW (0xc00000fd) at pc=0x00007ffc9146d323, pid=11404, tid=872
#
# JRE version: OpenJDK Runtime Environment (21.0.2+13) (build 21.0.2+13-58)
# Java VM: OpenJDK 64-Bit Server VM (21.0.2+13-58, mixed mode, emulated-client, sharing, tiered, compressed oops, compressed class ptrs, g1 gc, windows-amd64)
# Problematic frame:
# V  [jvm.dll+0x3dd323]
#
# No core dump will be written. Minidumps are not enabled by default on client versions of Windows
#
# If you would like to submit a bug report, please visit:
#   https://bugreport.java.com/bugreport/crash.jsp
#

---------------  S U M M A R Y ------------

Command Line: -XX:TieredStopAtLevel=1 -Dspring.output.ansi.enabled=always -Dcom.sun.management.jmxremote -Dspring.jmx.enabled=true -Dspring.liveBeansView.mbeanDomain -Dspring.application.admin.enabled=true -Dmanagement.endpoints.jmx.exposure.include=* -javaagent:C:\Program Files\JetBrains\IntelliJ IDEA 2023.3\lib\idea_rt.jar=65500:C:\Program Files\JetBrains\IntelliJ IDEA 2023.3\bin -Dfile.encoding=UTF-8 -Dsun.stdout.encoding=UTF-8 -Dsun.stderr.encoding=UTF-8 kz.services.romshop.RomShopApplication

Host: Intel(R) Core(TM) i3-7100 CPU @ 3.90GHz, 4 cores, 14G,  Windows 10 , 64 bit Build 19041 (10.0.19041.3636)
Time: Mon Mar  4 23:44:37 2024  Windows 10 , 64 bit Build 19041 (10.0.19041.3636) elapsed time: 1.092272 seconds (0d 0h 0m 1s)

---------------  T H R E A D  ---------------

Current thread (0x0000023dd3adf2f0):  JavaThread "RMI TCP Connection(idle)" daemon [_thread_in_vm, id=872, stack(0x000000563b800000,0x000000563b900000) (1024K)]

Stack: [0x000000563b800000,0x000000563b900000],  sp=0x000000563b8ff280,  free space=1020k
Native frames: (J=compiled Java code, j=interpreted, Vv=VM code, C=native code)
V  [jvm.dll+0x3dd323]
V  [jvm.dll+0x6cad02]
V  [jvm.dll+0x3ddfcb]
V  [jvm.dll+0x3de257]
V  [jvm.dll+0x4712f5]
V  [jvm.dll+0x3ef6c6]
V  [jvm.dll+0x7ff568]
